(------------------------------------------------------------)
(                                                            )
(                    NC DRILL LOG FILE                       )
(                                                            )
(        Drawing    : carte.brd                              )
(        Date/Time  : Mon Mar 21 10:40:17 2011               )
(                                                            )
(------------------------------------------------------------)



 Processing NC Parameters file ...

 NC PARAMETERS
 -------------

 FORMAT   		2.4
 MACHINE-OFFSET		x:0.000000	y:0.000000
 FEEDRATE		1
 COORDINATES		ABSOLUTE
 OUTPUT-UNITS		ENGLISH
 TOOL-ORDER		INCREASING
 REPEAT-CODES		NO
 SUPPRESS-LEAD-ZEROES	NO
 SUPPRESS-TRAIL-ZEROES	NO
 SUPPRESS-EQUAL		NO
 TOOL-SELECT		YES
 HEADER			none
 LEADER			12
 CODE			ASCII
 SEPARATE		NO
 OPTIMIZE_DRILLING	NO
 ENHANCED_EXCELLON	NO
 SCALE			1.000000

 WARNING: Can't find tool file (nc_tools.txt)
          ... will auto-generate tool file (nc_tools_auto.txt)


     Auto-generating tool file nc_tools_auto.txt
     -------------------------------------------

           Size  Plating  Tool        + Tolerance  - Tolerance

             28  P        T01            0.000000     0.000000
             32  P        T02            0.000000     0.000000
             38  P        T03            0.000000     0.000000
             49  P        T04            0.000000     0.000000
             52  P        T05            0.000000     0.000000
             62  P        T06            0.000000     0.000000
            120  P        T07            0.000000     0.000000


 Drill files being output to directory '' ...



     'carte-1-2.drl' created for holes connecting TOP and BOTTOM
     -----------------------------------------------------------

     Tool  Num     Size      +/- Tolerance     Plating   Quantity

     T01    1.  28.0000    0.0000/  0.0000      PLATED         94
     T02    2.  32.0000    0.0000/  0.0000      PLATED          8
     T03    3.  38.0000    0.0000/  0.0000      PLATED         16
     T04    4.  49.0000    0.0000/  0.0000      PLATED          3
     T05    5.  52.0000    0.0000/  0.0000      PLATED          3
     T06    6.  62.0000    0.0000/  0.0000      PLATED         16
     T07    7. 120.0000    0.0000/  0.0000      PLATED          6

     ---- Total holes:                                        146

     ---- Total head travel:              9.52 feet (2.90 meters)

