Cadence Design Systems, Inc. netrev 16.0 Mon Mar 14 11:35:02 2011
(C) Copyright 2002 Cadence Design Systems, Inc.

------ Directives ------

RIPUP_ETCH FALSE;
RIPUP_SYMBOLS ALWAYS;
Missing symbol has error FALSE;
SCHEMATIC_DIRECTORY 'H:\Projet_S8\Typon\allegro';
BOARD_DIRECTORY '';
OLD_BOARD_NAME 'Y:/ENSEIRB_15x15cm.brd';
NEW_BOARD_NAME 'carte.brd';

CmdLine: netrev.exe -5 -y 1 -i H:\Projet_S8\Typon\allegro Y:\ENSEIRB_15x15cm.brd H:\Projet_S8\Typon\allegro\carte.brd

------ Preparing to read pst files ------

Starting to read H:/Projet_S8/Typon/allegro/pstchip.dat 
   Finished reading H:/Projet_S8/Typon/allegro/pstchip.dat (00:00:00.14)
Starting to read H:/Projet_S8/Typon/allegro/pstxprt.dat 
   Finished reading H:/Projet_S8/Typon/allegro/pstxprt.dat (00:00:00.01)
Starting to read H:/Projet_S8/Typon/allegro/pstxnet.dat 
   Finished reading H:/Projet_S8/Typon/allegro/pstxnet.dat (00:00:00.03)

------ Oversights/Warnings/Errors ------


#1   WARNING(SPMHNI-316): Property warning detected.

WARNING(SPMHNI-301): Problems with component 'C2'. Error with component property '' and value 'VOLTAGE': 'CMAX'.

#2   WARNING(SPMHNI-316): Property warning detected.

WARNING(SPMHNI-301): Problems with component 'C1'. Error with component property '' and value 'VOLTAGE': 'CMAX'.

------ Library Paths ------
MODULEPATH =  . 
           C:/OrCAD/OrCAD_16.0/share/local/pcb/modules 

PSMPATH =  . 
           symbols 
           .. 
           ../symbols 
           \\narrhavas\bedenes\BIB_ENSEIRB\pcb\ 
           C:/OrCAD/OrCAD_16.0/share/local/pcb/symbols 
           C:/OrCAD/OrCAD_16.0/share/pcb/pcb_lib/symbols 
           C:/OrCAD/OrCAD_16.0/share/pcb/allegrolib/symbols 

PADPATH =  . 
           symbols 
           .. 
           ../symbols 
           \\narrhavas\bedenes\BIB_ENSEIRB\pcb\ 
           C:/OrCAD/OrCAD_16.0/share/local/pcb/padstacks 
           C:/OrCAD/OrCAD_16.0/share/pcb/pcb_lib/symbols 
           C:/OrCAD/OrCAD_16.0/share/pcb/allegrolib/symbols 


------ Summary Statistics ------


netrev run on Mar 14 11:35:02 2011
   DESIGN NAME : 'CARTE'
   PACKAGING ON Oct 24 2007 13:27:25

   COMPILE 'logic'
   CHECK_PIN_NAMES OFF
   CROSS_REFERENCE OFF
   FEEDBACK OFF
   INCREMENTAL OFF
   INTERFACE_TYPE PHYSICAL
   MAX_ERRORS 500
   MERGE_MINIMUM 5
   NET_NAME_CHARS '#%&()*+-./:=>?@[]^_`|'
   NET_NAME_LENGTH 24
   OVERSIGHTS ON
   REPLACE_CHECK OFF
   SINGLE_NODE_NETS ON
   SPLIT_MINIMUM 0
   SUPPRESS   20
   WARNINGS ON

 No error detected
 No oversight detected
  2 warnings detected

cpu time      0:08:20
elapsed time  0:00:04

