Mon Mar 07 09:59:10 2011				Page     1


 
Update Symbols/Modules Logfile
	Mon Mar 07 09:59:10 2011

------ Module Refresh Messages ------

SUMMARY:    Updated 0 out of 0 modules

------ End Module Messages     ------



Mon Mar 07 09:59:11 2011				Page     1

Cadence Design Systems, Inc.

Symbol Refresh Logfile

------ Symbol Refresh Directives ------

OLD_LAYOUT_NAME = 'H:/Projet_S8/Typon/allegro/carte.brd';
NEW_LAYOUT_NAME = '';
REFRESH_MECHANICAL_SYMBOLS = 'NO';
REFRESH_FORMAT_SYMBOLS = 'NO';
REFRESH_PACKAGE_SYMBOLS = 'NO';
REFRESH_SHAPE_SYMBOLS = 'NO';
REFRESH_SYMBOL_PAD_STACKS = 'NO';
REFRESH_SYMBOL_TEXT_LOCATIONS = 'NO';
REFRESH_CUSTOM_DRILL_DATA = 'NO';
SYMBOL_LIST = 'C:/DOCUME~1/fforest/LOCALS~1/Temp/#Taaaaab03464.tmp';


------ Library Paths ------
PSMPATH =  . 
           symbols 
           .. 
           ../symbols 
           \\narrhavas\bedenes\BIB_ENSEIRB\pcb\ 
           C:/OrCAD/OrCAD_16.0/share/local/pcb/symbols 
           C:/OrCAD/OrCAD_16.0/share/pcb/pcb_lib/symbols 
           C:/OrCAD/OrCAD_16.0/share/pcb/allegrolib/symbols 

PADPATH =  . 
           symbols 
           .. 
           ../symbols 
           \\narrhavas\bedenes\BIB_ENSEIRB\pcb\ 
           C:/OrCAD/OrCAD_16.0/share/local/pcb/padstacks 
           C:/OrCAD/OrCAD_16.0/share/pcb/pcb_lib/symbols 
           C:/OrCAD/OrCAD_16.0/share/pcb/allegrolib/symbols 


------ Symbol Refresh Messages ------

WARNING(SPMHNI-255): Symbol '' not found (in list file).



----- Symbol Update Summary ----

Completed refreshing all symbols successfully.
