Mon Feb 14 11:36:02 Saved as file H:\PROJET_S8\TYPON\CARTE.LLB
Mon Feb 14 11:36:02 Loaded file H:\PROJET_S8\TYPON\CARTE.LLB
Mon Feb 14 11:36:02 Saved as file H:\PROJET_S8\TYPON\CARTE.LLB
Mon Feb 14 11:36:13 Loaded file H:\PROJET_S8\TYPON\CARTE.LLB
Mon Feb 14 11:36:13 Saved as file H:\PROJET_S8\TYPON\CARTE.LLB
Mon Feb 14 11:36:14 Loaded file H:\PROJET_S8\TYPON\CARTE.LLB
Mon Feb 14 11:36:14 Loaded file C:\OrCAD\OrCAD_16.0\tools\Layout\data\template.imp
Mon Feb 14 11:36:17 Loaded file C:\OrCAD\OrCAD_16.0\tools\Layout\library\BCON100T.llb
Mon Feb 14 11:36:18 Loaded file C:\OrCAD\OrCAD_16.0\tools\Layout\data\template.imp
Mon Feb 14 11:36:18 Loaded file C:\OrCAD\OrCAD_16.0\tools\Layout\data\template.imp
Mon Feb 14 11:36:18 Loaded file C:\OrCAD\OrCAD_16.0\tools\Layout\data\template.imp
Mon Feb 14 11:36:18 Loaded file C:\OrCAD\OrCAD_16.0\tools\Layout\data\template.imp
Mon Feb 14 11:36:19 Loaded file C:\OrCAD\OrCAD_16.0\tools\Layout\data\template.imp
Mon Feb 14 11:36:19 Loaded file C:\OrCAD\OrCAD_16.0\tools\Layout\data\template.imp
Mon Feb 14 11:36:19 Loaded file C:\OrCAD\OrCAD_16.0\tools\Layout\data\template.imp
Mon Feb 14 11:36:19 Loaded file C:\OrCAD\OrCAD_16.0\tools\Layout\data\template.imp
Mon Feb 14 11:36:19 Loaded file C:\OrCAD\OrCAD_16.0\tools\Layout\data\template.imp
Mon Feb 14 11:36:19 Loaded file C:\OrCAD\OrCAD_16.0\tools\Layout\data\template.imp
Mon Feb 14 11:36:19 Loaded file C:\OrCAD\OrCAD_16.0\tools\Layout\data\template.imp
Mon Feb 14 11:36:19 Loaded file C:\OrCAD\OrCAD_16.0\tools\Layout\data\template.imp
Mon Feb 14 11:36:19 Loaded file C:\OrCAD\OrCAD_16.0\tools\Layout\data\template.imp
Mon Feb 14 11:36:20 Loaded file C:\OrCAD\OrCAD_16.0\tools\Layout\data\template.imp
Mon Feb 14 11:36:20 Loaded file C:\OrCAD\OrCAD_16.0\tools\Layout\data\template.imp
Mon Feb 14 11:36:20 Loaded file C:\OrCAD\OrCAD_16.0\tools\Layout\data\template.imp
Mon Feb 14 11:36:20 Loaded file C:\OrCAD\OrCAD_16.0\tools\Layout\data\template.imp
Mon Feb 14 11:36:20 Loaded file C:\OrCAD\OrCAD_16.0\tools\Layout\data\template.imp
Mon Feb 14 11:36:20 Loaded file C:\OrCAD\OrCAD_16.0\tools\Layout\data\template.imp
Mon Feb 14 11:36:20 Loaded file C:\OrCAD\OrCAD_16.0\tools\Layout\data\template.imp
Mon Feb 14 11:36:20 Loaded file C:\OrCAD\OrCAD_16.0\tools\Layout\data\template.imp
Mon Feb 14 11:36:20 Loaded file C:\OrCAD\OrCAD_16.0\tools\Layout\data\template.imp
Mon Feb 14 11:36:20 Loaded file C:\OrCAD\OrCAD_16.0\tools\Layout\data\template.imp
Mon Feb 14 11:36:21 Loaded file C:\OrCAD\OrCAD_16.0\tools\Layout\data\template.imp
Mon Feb 14 11:36:21 Loaded file C:\OrCAD\OrCAD_16.0\tools\Layout\data\template.imp
Mon Feb 14 11:36:22 Loaded file C:\OrCAD\OrCAD_16.0\tools\Layout\data\template.imp
Mon Feb 14 11:36:22 Loaded file C:\OrCAD\OrCAD_16.0\tools\Layout\data\template.imp
Mon Feb 14 11:36:22 Loaded file C:\OrCAD\OrCAD_16.0\tools\Layout\data\template.imp
Mon Feb 14 11:36:22 Loaded file C:\OrCAD\OrCAD_16.0\tools\Layout\data\template.imp
Mon Feb 14 11:36:22 Loaded file C:\OrCAD\OrCAD_16.0\tools\Layout\data\template.imp
Mon Feb 14 11:36:22 Loaded file C:\OrCAD\OrCAD_16.0\tools\Layout\data\template.imp
Mon Feb 14 11:36:22 Loaded file C:\OrCAD\OrCAD_16.0\tools\Layout\data\template.imp
Mon Feb 14 11:36:22 Loaded file C:\OrCAD\OrCAD_16.0\tools\Layout\data\template.imp
Mon Feb 14 11:36:22 Loaded file C:\OrCAD\OrCAD_16.0\tools\Layout\data\template.imp
Mon Feb 14 11:36:22 Loaded file C:\OrCAD\OrCAD_16.0\tools\Layout\data\template.imp
Mon Feb 14 11:36:22 Loaded file C:\OrCAD\OrCAD_16.0\tools\Layout\data\template.imp
Mon Feb 14 11:36:22 Loaded file C:\OrCAD\OrCAD_16.0\tools\Layout\data\template.imp
Mon Feb 14 11:36:22 Loaded file C:\OrCAD\OrCAD_16.0\tools\Layout\data\template.imp
Mon Feb 14 11:36:22 Loaded file C:\OrCAD\OrCAD_16.0\tools\Layout\data\template.imp
Mon Feb 14 11:36:23 Loaded file C:\OrCAD\OrCAD_16.0\tools\Layout\data\template.imp
Mon Feb 14 11:36:23 Loaded file C:\OrCAD\OrCAD_16.0\tools\Layout\data\template.imp
Mon Feb 14 11:36:23 Loaded file C:\OrCAD\OrCAD_16.0\tools\Layout\data\template.imp
Mon Feb 14 11:36:23 Loaded file C:\OrCAD\OrCAD_16.0\tools\Layout\data\template.imp
Mon Feb 14 11:36:24 Loaded file C:\OrCAD\OrCAD_16.0\tools\Layout\data\template.imp
Mon Feb 14 11:36:24 Loaded file C:\OrCAD\OrCAD_16.0\tools\Layout\data\template.imp
Mon Feb 14 11:36:24 Loaded file C:\OrCAD\OrCAD_16.0\tools\Layout\data\template.imp
Mon Feb 14 11:36:25 Loaded file C:\OrCAD\OrCAD_16.0\tools\Layout\data\template.imp
Mon Feb 14 11:36:25 Loaded file C:\OrCAD\OrCAD_16.0\tools\Layout\data\template.imp
Mon Feb 14 11:36:25 Loaded file C:\OrCAD\OrCAD_16.0\tools\Layout\data\template.imp
Mon Feb 14 11:36:25 Loaded file C:\OrCAD\OrCAD_16.0\tools\Layout\data\template.imp
Mon Feb 14 11:36:26 Loaded file C:\OrCAD\OrCAD_16.0\tools\Layout\data\template.imp
Mon Feb 14 11:36:26 Loaded file C:\OrCAD\OrCAD_16.0\tools\Layout\data\template.imp
Mon Feb 14 11:36:26 Loaded file C:\OrCAD\OrCAD_16.0\tools\Layout\data\template.imp
Mon Feb 14 11:36:26 Loaded file C:\OrCAD\OrCAD_16.0\tools\Layout\data\template.imp
Mon Feb 14 11:36:26 Loaded file C:\OrCAD\OrCAD_16.0\tools\Layout\data\template.imp
Mon Feb 14 11:36:27 Loaded file C:\OrCAD\OrCAD_16.0\tools\Layout\data\template.imp
Mon Feb 14 11:36:27 Loaded file C:\OrCAD\OrCAD_16.0\tools\Layout\data\template.imp
Mon Feb 14 11:36:27 Loaded file C:\OrCAD\OrCAD_16.0\tools\Layout\data\template.imp
Mon Feb 14 11:36:28 Loaded file C:\OrCAD\OrCAD_16.0\tools\Layout\data\template.imp
Mon Feb 14 11:36:28 Loaded file C:\OrCAD\OrCAD_16.0\tools\Layout\data\template.imp
Mon Feb 14 11:36:28 Loaded file C:\OrCAD\OrCAD_16.0\tools\Layout\data\template.imp
Mon Feb 14 11:36:28 Loaded file C:\OrCAD\OrCAD_16.0\tools\Layout\data\template.imp
Mon Feb 14 11:36:28 Loaded file C:\OrCAD\OrCAD_16.0\tools\Layout\data\template.imp
Mon Feb 14 11:36:28 Loaded file C:\OrCAD\OrCAD_16.0\tools\Layout\data\template.imp
Mon Feb 14 11:36:28 Loaded file C:\OrCAD\OrCAD_16.0\tools\Layout\data\template.imp
Mon Feb 14 11:36:28 Loaded file C:\OrCAD\OrCAD_16.0\tools\Layout\data\template.imp
Mon Feb 14 11:36:28 Loaded file C:\OrCAD\OrCAD_16.0\tools\Layout\data\template.imp
Mon Feb 14 11:36:28 Loaded file C:\OrCAD\OrCAD_16.0\tools\Layout\data\template.imp
Mon Feb 14 11:36:28 Loaded file C:\OrCAD\OrCAD_16.0\tools\Layout\data\template.imp
Mon Feb 14 11:36:28 Loaded file C:\OrCAD\OrCAD_16.0\tools\Layout\data\template.imp
Mon Feb 14 11:36:29 Loaded file C:\OrCAD\OrCAD_16.0\tools\Layout\data\template.imp
Mon Feb 14 11:36:29 Loaded file C:\OrCAD\OrCAD_16.0\tools\Layout\data\template.imp
Mon Feb 14 11:36:29 Loaded file C:\OrCAD\OrCAD_16.0\tools\Layout\data\template.imp
Mon Feb 14 11:36:29 Loaded file C:\OrCAD\OrCAD_16.0\tools\Layout\data\template.imp
Mon Feb 14 11:36:29 Loaded file C:\OrCAD\OrCAD_16.0\tools\Layout\data\template.imp
Mon Feb 14 11:36:29 Loaded file C:\OrCAD\OrCAD_16.0\tools\Layout\data\template.imp
Mon Feb 14 11:36:29 Loaded file C:\OrCAD\OrCAD_16.0\tools\Layout\data\template.imp
Mon Feb 14 11:36:29 Loaded file C:\OrCAD\OrCAD_16.0\tools\Layout\data\template.imp
Mon Feb 14 11:36:29 Loaded file C:\OrCAD\OrCAD_16.0\tools\Layout\data\template.imp
Mon Feb 14 11:36:29 Loaded file C:\OrCAD\OrCAD_16.0\tools\Layout\data\template.imp
Mon Feb 14 11:36:30 Loaded file C:\OrCAD\OrCAD_16.0\tools\Layout\data\template.imp
Mon Feb 14 11:36:30 Loaded file C:\OrCAD\OrCAD_16.0\tools\Layout\data\template.imp
Mon Feb 14 11:36:30 Loaded file C:\OrCAD\OrCAD_16.0\tools\Layout\data\template.imp
Mon Feb 14 11:36:30 Loaded file C:\OrCAD\OrCAD_16.0\tools\Layout\data\template.imp
Mon Feb 14 11:36:31 Loaded file C:\OrCAD\OrCAD_16.0\tools\Layout\data\template.imp
Mon Feb 14 11:36:31 Loaded file C:\OrCAD\OrCAD_16.0\tools\Layout\data\template.imp
Mon Feb 14 11:36:31 Loaded file C:\OrCAD\OrCAD_16.0\tools\Layout\data\template.imp
Mon Feb 14 11:36:31 Loaded file C:\OrCAD\OrCAD_16.0\tools\Layout\data\template.imp
Mon Feb 14 11:36:32 Loaded file C:\OrCAD\OrCAD_16.0\tools\Layout\data\template.imp
Mon Feb 14 11:36:32 Loaded file C:\OrCAD\OrCAD_16.0\tools\Layout\data\template.imp
Mon Feb 14 11:36:32 Loaded file C:\OrCAD\OrCAD_16.0\tools\Layout\data\template.imp
Mon Feb 14 11:36:32 Loaded file C:\OrCAD\OrCAD_16.0\tools\Layout\data\template.imp
Mon Feb 14 11:36:32 Loaded file C:\OrCAD\OrCAD_16.0\tools\Layout\data\template.imp
Mon Feb 14 11:36:32 Loaded file C:\OrCAD\OrCAD_16.0\tools\Layout\data\template.imp
Mon Feb 14 11:36:32 Loaded file C:\OrCAD\OrCAD_16.0\tools\Layout\data\template.imp
Mon Feb 14 11:36:32 Loaded file C:\OrCAD\OrCAD_16.0\tools\Layout\data\template.imp
Mon Feb 14 11:36:33 Loaded file C:\OrCAD\OrCAD_16.0\tools\Layout\data\template.imp
Mon Feb 14 11:36:33 Loaded file C:\OrCAD\OrCAD_16.0\tools\Layout\data\template.imp
Mon Feb 14 11:36:33 Loaded file C:\OrCAD\OrCAD_16.0\tools\Layout\data\template.imp
Mon Feb 14 11:37:24 Loaded file Y:\ENSEIRB.LLB
Mon Feb 14 11:37:26 Loaded file C:\OrCAD\OrCAD_16.0\tools\Layout\data\template.imp
Mon Feb 14 11:37:29 Loaded file C:\OrCAD\OrCAD_16.0\tools\Layout\data\template.imp
Mon Feb 14 11:37:31 Loaded file C:\OrCAD\OrCAD_16.0\tools\Layout\data\template.imp
Mon Feb 14 11:37:32 Loaded file C:\OrCAD\OrCAD_16.0\tools\Layout\data\template.imp
Mon Feb 14 11:37:32 Loaded file C:\OrCAD\OrCAD_16.0\tools\Layout\data\template.imp
Mon Feb 14 11:37:33 Loaded file C:\OrCAD\OrCAD_16.0\tools\Layout\data\template.imp
Mon Feb 14 11:37:33 Loaded file C:\OrCAD\OrCAD_16.0\tools\Layout\data\template.imp
Mon Feb 14 11:37:33 Loaded file C:\OrCAD\OrCAD_16.0\tools\Layout\data\template.imp
Mon Feb 14 11:37:33 Loaded file C:\OrCAD\OrCAD_16.0\tools\Layout\data\template.imp
Mon Feb 14 11:37:33 Loaded file C:\OrCAD\OrCAD_16.0\tools\Layout\data\template.imp
Mon Feb 14 11:37:34 Loaded file C:\OrCAD\OrCAD_16.0\tools\Layout\data\template.imp
Mon Feb 14 11:37:39 Loaded file H:\PROJET_S8\TYPON\CARTE.LLB
Mon Feb 14 11:37:44 Loaded file C:\OrCAD\OrCAD_16.0\tools\Layout\library\BCON100T.llb
Mon Feb 14 11:37:45 Loaded file H:\PROJET_S8\TYPON\CARTE.LLB
Mon Feb 14 11:37:46 Loaded file C:\OrCAD\OrCAD_16.0\tools\Layout\data\template.imp
Mon Feb 14 11:38:40 Saved as file C:\OrCAD\OrCAD_16.0\tools\Layout\data\template.imp
Mon Feb 14 11:40:50 Loaded file Y:\ENSEIRB.LLB
Mon Feb 14 11:40:51 Loaded file H:\PROJET_S8\TYPON\CARTE.LLB
Mon Feb 14 11:43:44 Loaded file H:\PROJET_S8\TYPON\CARTE.LLB
Mon Feb 14 11:43:44 Saved as file H:\PROJET_S8\TYPON\CARTE.LLB
Mon Feb 14 11:43:44 Loaded file H:\PROJET_S8\TYPON\CARTE.LLB
Mon Feb 14 11:44:05 Loaded file C:\OrCAD\OrCAD_16.0\tools\Layout\data\template.imp
Mon Feb 14 11:44:06 Loaded file C:\OrCAD\OrCAD_16.0\tools\Layout\data\template.imp
Mon Feb 14 11:44:07 Loaded file C:\OrCAD\OrCAD_16.0\tools\Layout\data\template.imp
Mon Feb 14 11:44:08 Loaded file C:\OrCAD\OrCAD_16.0\tools\Layout\data\template.imp
Mon Feb 14 11:44:08 Loaded file C:\OrCAD\OrCAD_16.0\tools\Layout\data\template.imp
Mon Feb 14 11:44:09 Loaded file C:\OrCAD\OrCAD_16.0\tools\Layout\data\template.imp
Mon Feb 14 11:44:10 Loaded file C:\OrCAD\OrCAD_16.0\tools\Layout\data\template.imp
Mon Feb 14 11:44:14 Loaded file C:\OrCAD\OrCAD_16.0\tools\Layout\data\template.imp
Mon Feb 14 11:44:15 Loaded file C:\OrCAD\OrCAD_16.0\tools\Layout\data\template.imp
Mon Feb 14 11:44:16 Loaded file C:\OrCAD\OrCAD_16.0\tools\Layout\data\template.imp
Mon Feb 14 11:44:16 Loaded file C:\OrCAD\OrCAD_16.0\tools\Layout\data\template.imp
Mon Feb 14 11:44:16 Loaded file C:\OrCAD\OrCAD_16.0\tools\Layout\data\template.imp
Mon Feb 14 11:44:18 Loaded file C:\OrCAD\OrCAD_16.0\tools\Layout\data\template.imp
Mon Feb 14 11:44:19 Loaded file C:\OrCAD\OrCAD_16.0\tools\Layout\data\template.imp
Mon Feb 14 11:44:20 Loaded file C:\OrCAD\OrCAD_16.0\tools\Layout\data\template.imp
Mon Feb 14 11:44:21 Loaded file C:\OrCAD\OrCAD_16.0\tools\Layout\data\template.imp
Mon Feb 14 11:45:13 Loaded file C:\OrCAD\OrCAD_16.0\tools\Layout\data\template.imp
Mon Feb 14 11:45:16 Loaded file C:\OrCAD\OrCAD_16.0\tools\Layout\data\template.imp
Mon Feb 14 11:45:17 Loaded file C:\OrCAD\OrCAD_16.0\tools\Layout\data\template.imp
Mon Feb 14 11:46:01 Loaded file C:\OrCAD\OrCAD_16.0\tools\Layout\library\BCON100T.llb
Mon Feb 14 11:46:02 Loaded file H:\PROJET_S8\TYPON\CARTE.LLB
Mon Feb 14 12:17:36 Loaded file C:\OrCAD\OrCAD_16.0\tools\Layout\data\template.imp
Mon Feb 14 12:17:37 Loaded file C:\OrCAD\OrCAD_16.0\tools\Layout\data\template.imp
Mon Feb 14 12:17:39 Loaded file C:\OrCAD\OrCAD_16.0\tools\Layout\data\template.imp
Mon Feb 14 12:17:39 Loaded file C:\OrCAD\OrCAD_16.0\tools\Layout\data\template.imp
Mon Feb 14 12:17:40 Loaded file C:\OrCAD\OrCAD_16.0\tools\Layout\data\template.imp
